<?xml version="1.0" encoding="UTF-8"?>
<!-- Generated by org.testng.reporters.JUnitReportReporter -->
<<<<<<< HEAD
<<<<<<< HEAD
<testsuite hostname="Muhammads-MacBook-Air.local" failures="3" tests="17" name="com.psikotestonline.webadmin.testing.steps.TestRunner" time="346.493" errors="1" timestamp="2022-09-19T10:53:11 WIB" skipped="0">
  <testcase classname="com.psikotestonline.webadmin.testing.steps.TestRunner" name="runScenario" time="14.115"/>
=======
<testsuite hostname="DESKTOP-0I8AHN0" failures="4" tests="17" name="com.psikotestonline.webadmin.testing.steps.TestRunner" time="325.095" errors="2" timestamp="2022-09-19T11:21:52 WIB" skipped="0">
  <testcase classname="com.psikotestonline.webadmin.testing.steps.TestRunner" name="runScenario" time="18.414"/>
>>>>>>> branch 'nandi' of https://github.com/baihaqybeki/psikotestonline.webadmin.testing.git
  <system-out/>
<<<<<<< HEAD
  <testcase classname="com.psikotestonline.webadmin.testing.steps.TestRunner" name="runScenario" time="19.387">
    <error message="no such element: Unable to locate element: {&quot;method&quot;:&quot;xpath&quot;,&quot;selector&quot;:&quot;//span[normalize-space()=&#039;DEVELOPER&#039;]&quot;}
  (Session info: chrome=105.0.5195.125)
For documentation on this error, please visit: https://www.seleniumhq.org/exceptions/no_such_element.html
Build info: version: &#039;3.141.59&#039;, revision: &#039;e82be7d358&#039;, time: &#039;2018-11-14T08:17:03&#039;
System info: host: &#039;Muhammads-MacBook-Air.local&#039;, ip: &#039;2001:448a:2061:598:81f4:e6fd:4d7c:b491%en0&#039;, os.name: &#039;Mac OS X&#039;, os.arch: &#039;aarch64&#039;, os.version: &#039;12.5&#039;, java.version: &#039;17.0.2&#039;
Driver info: org.openqa.selenium.chrome.ChromeDriver
Capabilities {acceptInsecureCerts: false, browserName: chrome, browserVersion: 105.0.5195.125, chrome: {chromedriverVersion: 105.0.5195.52 (412c95e51883..., userDataDir: /var/folders/9_/2vjr42hx0_1...}, goog:chromeOptions: {debuggerAddress: localhost:57899}, javascriptEnabled: true, networkConnectionEnabled: false, pageLoadStrategy: normal, platform: MAC, platformName: MAC, proxy: Proxy(), setWindowRect: true, strictFileInteractability: false, timeouts: {implicit: 0, pageLoad: 300000, script: 30000}, unhandledPromptBehavior: dismiss and notify, webauthn:extension:credBlob: true, webauthn:extension:largeBlob: true, webauthn:virtualAuthenticators: true}
Session ID: a408fede102d8995c79fc9133747e7d5
*** Element info: {Using=xpath, value=//span[normalize-space()=&#039;DEVELOPER&#039;]}" type="org.openqa.selenium.NoSuchElementException">
      <![CDATA[org.openqa.selenium.NoSuchElementException: no such element: Unable to locate element: {"method":"xpath","selector":"//span[normalize-space()='DEVELOPER']"}
  (Session info: chrome=105.0.5195.125)
For documentation on this error, please visit: https://www.seleniumhq.org/exceptions/no_such_element.html
Build info: version: '3.141.59', revision: 'e82be7d358', time: '2018-11-14T08:17:03'
System info: host: 'Muhammads-MacBook-Air.local', ip: '2001:448a:2061:598:81f4:e6fd:4d7c:b491%en0', os.name: 'Mac OS X', os.arch: 'aarch64', os.version: '12.5', java.version: '17.0.2'
Driver info: org.openqa.selenium.chrome.ChromeDriver
Capabilities {acceptInsecureCerts: false, browserName: chrome, browserVersion: 105.0.5195.125, chrome: {chromedriverVersion: 105.0.5195.52 (412c95e51883..., userDataDir: /var/folders/9_/2vjr42hx0_1...}, goog:chromeOptions: {debuggerAddress: localhost:57899}, javascriptEnabled: true, networkConnectionEnabled: false, pageLoadStrategy: normal, platform: MAC, platformName: MAC, proxy: Proxy(), setWindowRect: true, strictFileInteractability: false, timeouts: {implicit: 0, pageLoad: 300000, script: 30000}, unhandledPromptBehavior: dismiss and notify, webauthn:extension:credBlob: true, webauthn:extension:largeBlob: true, webauthn:virtualAuthenticators: true}
Session ID: a408fede102d8995c79fc9133747e7d5
*** Element info: {Using=xpath, value=//span[normalize-space()='DEVELOPER']}
at java.base/jdk.internal.reflect.NativeConstructorAccessorImpl.newInstance0(Native Method)
at java.base/jdk.internal.reflect.NativeConstructorAccessorImpl.newInstance(NativeConstructorAccessorImpl.java:77)
at java.base/jdk.internal.reflect.DelegatingConstructorAccessorImpl.newInstance(DelegatingConstructorAccessorImpl.java:45)
at java.base/java.lang.reflect.Constructor.newInstanceWithCaller(Constructor.java:499)
at java.base/java.lang.reflect.Constructor.newInstance(Constructor.java:480)
at org.openqa.selenium.remote.http.W3CHttpResponseCodec.createException(W3CHttpResponseCodec.java:187)
at org.openqa.selenium.remote.http.W3CHttpResponseCodec.decode(W3CHttpResponseCodec.java:122)
at org.openqa.selenium.remote.http.W3CHttpResponseCodec.decode(W3CHttpResponseCodec.java:49)
at org.openqa.selenium.remote.HttpCommandExecutor.execute(HttpCommandExecutor.java:158)
at org.openqa.selenium.remote.service.DriverCommandExecutor.execute(DriverCommandExecutor.java:83)
at org.openqa.selenium.remote.RemoteWebDriver.execute(RemoteWebDriver.java:552)
at org.openqa.selenium.remote.RemoteWebDriver.findElement(RemoteWebDriver.java:323)
at org.openqa.selenium.remote.RemoteWebDriver.findElementByXPath(RemoteWebDriver.java:428)
at org.openqa.selenium.By$ByXPath.findElement(By.java:353)
at org.openqa.selenium.remote.RemoteWebDriver.findElement(RemoteWebDriver.java:315)
at org.openqa.selenium.support.pagefactory.DefaultElementLocator.findElement(DefaultElementLocator.java:69)
at org.openqa.selenium.support.pagefactory.internal.LocatingElementHandler.invoke(LocatingElementHandler.java:38)
at jdk.proxy2/jdk.proxy2.$Proxy25.click(Unknown Source)
at com.psikotestonline.webadmin.testing.pages.Logout.logout(Logout.java:29)
at com.psikotestonline.webadmin.testing.steps.TestLogout.logoutAccountAdmin(TestLogout.java:54)
at ✽.click button profile for logout admin(file:///Users/muhammadbaihaqy/eclipse-workspace/com.psikotestonline.webadmin.testing/src/test/resources/features/04.Logout.feature:10)
]]>
    </error>
  </testcase> <!-- runScenario -->
  <system-out/>
  <testcase classname="com.psikotestonline.webadmin.testing.steps.TestRunner" name="runScenario" time="5.168"/>
  <system-out/>
  <testcase classname="com.psikotestonline.webadmin.testing.steps.TestRunner" name="runScenario" time="6.158">
    <failure message="expected [true] but found [false]" type="java.lang.AssertionError">
      <![CDATA[java.lang.AssertionError: expected [true] but found [false]
=======
  <testcase classname="com.psikotestonline.webadmin.testing.steps.TestRunner" name="runScenario" time="19.673">
    <failure message="expected [no entries] but found [ Showing 1 to 5 of 5 entries]" type="java.lang.AssertionError">
      <![CDATA[java.lang.AssertionError: expected [no entries] but found [ Showing 1 to 5 of 5 entries]
>>>>>>> branch 'nandi' of https://github.com/baihaqybeki/psikotestonline.webadmin.testing.git
at org.testng.Assert.fail(Assert.java:110)
at org.testng.Assert.failNotEquals(Assert.java:1413)
<<<<<<< HEAD
at org.testng.Assert.assertTrue(Assert.java:56)
at org.testng.Assert.assertTrue(Assert.java:66)
at com.psikotestonline.webadmin.testing.steps.TestLoginAdmin.validateGreeting(TestLoginAdmin.java:49)
at ✽.appear popup greeting "Username atau password" in auth admin(file:///Users/muhammadbaihaqy/eclipse-workspace/com.psikotestonline.webadmin.testing/src/test/resources/features/02.TestLoginAdmin.feature:13)
=======
<testsuite hostname="DESKTOP-0I8AHN0" failures="0" tests="1" name="com.psikotestonline.webadmin.testing.steps.TestRunner" time="37.767" errors="1" timestamp="2022-09-14T10:14:22 WIB" skipped="0">
  <testcase classname="com.psikotestonline.webadmin.testing.steps.TestRunner" name="runScenario" time="37.767">
    <error message="no such element: Unable to locate element: {&quot;method&quot;:&quot;xpath&quot;,&quot;selector&quot;:&quot;/html/body/div[10]/div[1]/div/a[2]&quot;}
  (Session info: chrome=105.0.5195.125)
For documentation on this error, please visit: https://www.seleniumhq.org/exceptions/no_such_element.html
Build info: version: &#039;3.141.59&#039;, revision: &#039;e82be7d358&#039;, time: &#039;2018-11-14T08:17:03&#039;
System info: host: &#039;DESKTOP-0I8AHN0&#039;, ip: &#039;192.168.8.102&#039;, os.name: &#039;Windows 10&#039;, os.arch: &#039;amd64&#039;, os.version: &#039;10.0&#039;, java.version: &#039;18.0.2.1&#039;
Driver info: org.openqa.selenium.chrome.ChromeDriver
Capabilities {acceptInsecureCerts: false, browserName: chrome, browserVersion: 105.0.5195.125, chrome: {chromedriverVersion: 105.0.5195.52 (412c95e51883..., userDataDir: C:\Users\Nandi\AppData\Loca...}, goog:chromeOptions: {debuggerAddress: localhost:49898}, javascriptEnabled: true, networkConnectionEnabled: false, pageLoadStrategy: normal, platform: WINDOWS, platformName: WINDOWS, proxy: Proxy(), setWindowRect: true, strictFileInteractability: false, timeouts: {implicit: 0, pageLoad: 300000, script: 30000}, unhandledPromptBehavior: dismiss and notify, webauthn:extension:credBlob: true, webauthn:extension:largeBlob: true, webauthn:virtualAuthenticators: true}
Session ID: 35596e3b9575a31c50fcbb3c8cb29911
*** Element info: {Using=xpath, value=/html/body/div[10]/div[1]/div/a[2]}" type="org.openqa.selenium.NoSuchElementException">
      <![CDATA[org.openqa.selenium.NoSuchElementException: no such element: Unable to locate element: {"method":"xpath","selector":"/html/body/div[10]/div[1]/div/a[2]"}
  (Session info: chrome=105.0.5195.125)
For documentation on this error, please visit: https://www.seleniumhq.org/exceptions/no_such_element.html
Build info: version: '3.141.59', revision: 'e82be7d358', time: '2018-11-14T08:17:03'
System info: host: 'DESKTOP-0I8AHN0', ip: '192.168.8.102', os.name: 'Windows 10', os.arch: 'amd64', os.version: '10.0', java.version: '18.0.2.1'
Driver info: org.openqa.selenium.chrome.ChromeDriver
Capabilities {acceptInsecureCerts: false, browserName: chrome, browserVersion: 105.0.5195.125, chrome: {chromedriverVersion: 105.0.5195.52 (412c95e51883..., userDataDir: C:\Users\Nandi\AppData\Loca...}, goog:chromeOptions: {debuggerAddress: localhost:49898}, javascriptEnabled: true, networkConnectionEnabled: false, pageLoadStrategy: normal, platform: WINDOWS, platformName: WINDOWS, proxy: Proxy(), setWindowRect: true, strictFileInteractability: false, timeouts: {implicit: 0, pageLoad: 300000, script: 30000}, unhandledPromptBehavior: dismiss and notify, webauthn:extension:credBlob: true, webauthn:extension:largeBlob: true, webauthn:virtualAuthenticators: true}
Session ID: 35596e3b9575a31c50fcbb3c8cb29911
*** Element info: {Using=xpath, value=/html/body/div[10]/div[1]/div/a[2]}
at java.base/jdk.internal.reflect.DirectConstructorHandleAccessor.newInstance(DirectConstructorHandleAccessor.java:67)
at java.base/java.lang.reflect.Constructor.newInstanceWithCaller(Constructor.java:499)
at java.base/java.lang.reflect.Constructor.newInstance(Constructor.java:483)
at org.openqa.selenium.remote.http.W3CHttpResponseCodec.createException(W3CHttpResponseCodec.java:187)
at org.openqa.selenium.remote.http.W3CHttpResponseCodec.decode(W3CHttpResponseCodec.java:122)
at org.openqa.selenium.remote.http.W3CHttpResponseCodec.decode(W3CHttpResponseCodec.java:49)
at org.openqa.selenium.remote.HttpCommandExecutor.execute(HttpCommandExecutor.java:158)
at org.openqa.selenium.remote.service.DriverCommandExecutor.execute(DriverCommandExecutor.java:83)
at org.openqa.selenium.remote.RemoteWebDriver.execute(RemoteWebDriver.java:552)
at org.openqa.selenium.remote.RemoteWebDriver.findElement(RemoteWebDriver.java:323)
at org.openqa.selenium.remote.RemoteWebDriver.findElementByXPath(RemoteWebDriver.java:428)
at org.openqa.selenium.By$ByXPath.findElement(By.java:353)
at org.openqa.selenium.remote.RemoteWebDriver.findElement(RemoteWebDriver.java:315)
at org.openqa.selenium.support.pagefactory.DefaultElementLocator.findElement(DefaultElementLocator.java:69)
at org.openqa.selenium.support.pagefactory.internal.LocatingElementHandler.invoke(LocatingElementHandler.java:38)
at jdk.proxy2/jdk.proxy2.$Proxy25.click(Unknown Source)
at com.psikotestonline.webadmin.testing.pages.AddSoalPilganDKosong.clickMaximizeToEdit(AddSoalPilganDKosong.java:83)
at com.psikotestonline.webadmin.testing.steps.TestAddSoalDKosong.select_soal_to_be_edited_with_click_button_green(TestAddSoalDKosong.java:70)
at ✽.select soal to be edited with click button green(file:///C:/Users/Nandi/git/psikotestonline.webadmin.testing/src/test/resources/features/AddSoalPilganDKosong.feature:9)
>>>>>>> refs/remotes/origin/nandi
]]>
    </error>
  </testcase> <!-- runScenario -->
  <system-out/>
<<<<<<< HEAD
  <testcase classname="com.psikotestonline.webadmin.testing.steps.TestRunner" name="runScenario" time="5.150"/>
  <system-out/>
  <testcase classname="com.psikotestonline.webadmin.testing.steps.TestRunner" name="runScenario" time="4.769"/>
  <system-out/>
  <testcase classname="com.psikotestonline.webadmin.testing.steps.TestRunner" name="runScenario" time="10.119"/>
  <system-out/>
  <testcase classname="com.psikotestonline.webadmin.testing.steps.TestRunner" name="runScenario" time="11.411"/>
  <system-out/>
  <testcase classname="com.psikotestonline.webadmin.testing.steps.TestRunner" name="runScenario" time="5.099"/>
  <system-out/>
  <testcase classname="com.psikotestonline.webadmin.testing.steps.TestRunner" name="runScenario" time="218.796"/>
  <system-out/>
  <testcase classname="com.psikotestonline.webadmin.testing.steps.TestRunner" name="runScenario" time="5.546">
    <failure message="expected [true] but found [false]" type="java.lang.AssertionError">
      <![CDATA[java.lang.AssertionError: expected [true] but found [false]
at org.testng.Assert.fail(Assert.java:110)
at org.testng.Assert.failNotEquals(Assert.java:1413)
at org.testng.Assert.assertTrue(Assert.java:56)
at org.testng.Assert.assertTrue(Assert.java:66)
at com.psikotestonline.webadmin.testing.steps.TestLoginAdmin.validateGreeting(TestLoginAdmin.java:49)
at ✽.appear popup greeting "Username atau password" in auth admin(file:///Users/muhammadbaihaqy/eclipse-workspace/com.psikotestonline.webadmin.testing/src/test/resources/features/02.TestLoginAdmin.feature:31)
=======
at org.testng.Assert.assertEqualsImpl(Assert.java:149)
at org.testng.Assert.assertEquals(Assert.java:131)
at org.testng.Assert.assertEquals(Assert.java:655)
at org.testng.Assert.assertEquals(Assert.java:665)
at com.psikotestonline.webadmin.testing.steps.TestSearchRemoveActivity.data_not_displayed_349(TestSearchRemoveActivity.java:374)
at ✽.data not displayed 349(file:///C:/Users/Nandi/git/psikotestonline.webadmin.testing/src/test/resources/features/2.SearchRemoveActivity.feature:58)
>>>>>>> branch 'nandi' of https://github.com/baihaqybeki/psikotestonline.webadmin.testing.git
]]>
    </failure>
  </testcase> <!-- runScenario -->
  <system-out/>
<<<<<<< HEAD
  <testcase classname="com.psikotestonline.webadmin.testing.steps.TestRunner" name="runScenario" time="5.380"/>
=======
  <testcase classname="com.psikotestonline.webadmin.testing.steps.TestRunner" name="runScenario" time="19.736"/>
>>>>>>> branch 'nandi' of https://github.com/baihaqybeki/psikotestonline.webadmin.testing.git
  <system-out/>
<<<<<<< HEAD
  <testcase classname="com.psikotestonline.webadmin.testing.steps.TestRunner" name="runScenario" time="4.771"/>
=======
  <testcase classname="com.psikotestonline.webadmin.testing.steps.TestRunner" name="runScenario" time="19.862">
    <error message="invalid selector: Unable to locate an element with the xpath expression //*[@id=\&quot;tl_remove_activity--53429_table\&quot;] because of the following error:
SyntaxError: Failed to execute &#039;evaluate&#039; on &#039;Document&#039;: The string &#039;//*[@id=\&quot;tl_remove_activity--53429_table\&quot;]&#039; is not a valid XPath expression.
  (Session info: chrome=105.0.5195.127)
For documentation on this error, please visit: https://www.seleniumhq.org/exceptions/invalid_selector_exception.html
Build info: version: &#039;3.141.59&#039;, revision: &#039;e82be7d358&#039;, time: &#039;2018-11-14T08:17:03&#039;
System info: host: &#039;DESKTOP-0I8AHN0&#039;, ip: &#039;192.168.8.102&#039;, os.name: &#039;Windows 10&#039;, os.arch: &#039;amd64&#039;, os.version: &#039;10.0&#039;, java.version: &#039;18.0.2.1&#039;
Driver info: org.openqa.selenium.chrome.ChromeDriver
Capabilities {acceptInsecureCerts: false, browserName: chrome, browserVersion: 105.0.5195.127, chrome: {chromedriverVersion: 105.0.5195.52 (412c95e51883..., userDataDir: C:\Users\Nandi\AppData\Loca...}, goog:chromeOptions: {debuggerAddress: localhost:60349}, javascriptEnabled: true, networkConnectionEnabled: false, pageLoadStrategy: normal, platform: WINDOWS, platformName: WINDOWS, proxy: Proxy(), setWindowRect: true, strictFileInteractability: false, timeouts: {implicit: 0, pageLoad: 300000, script: 30000}, unhandledPromptBehavior: dismiss and notify, webauthn:extension:credBlob: true, webauthn:extension:largeBlob: true, webauthn:virtualAuthenticators: true}
Session ID: 4180def0e7ac227fa2fdea210156a1d4
*** Element info: {Using=xpath, value=//*[@id=\&quot;tl_remove_activity--53429_table\&quot;]}" type="org.openqa.selenium.InvalidSelectorException">
      <![CDATA[org.openqa.selenium.InvalidSelectorException: invalid selector: Unable to locate an element with the xpath expression //*[@id=\"tl_remove_activity--53429_table\"] because of the following error:
SyntaxError: Failed to execute 'evaluate' on 'Document': The string '//*[@id=\"tl_remove_activity--53429_table\"]' is not a valid XPath expression.
  (Session info: chrome=105.0.5195.127)
For documentation on this error, please visit: https://www.seleniumhq.org/exceptions/invalid_selector_exception.html
Build info: version: '3.141.59', revision: 'e82be7d358', time: '2018-11-14T08:17:03'
System info: host: 'DESKTOP-0I8AHN0', ip: '192.168.8.102', os.name: 'Windows 10', os.arch: 'amd64', os.version: '10.0', java.version: '18.0.2.1'
Driver info: org.openqa.selenium.chrome.ChromeDriver
Capabilities {acceptInsecureCerts: false, browserName: chrome, browserVersion: 105.0.5195.127, chrome: {chromedriverVersion: 105.0.5195.52 (412c95e51883..., userDataDir: C:\Users\Nandi\AppData\Loca...}, goog:chromeOptions: {debuggerAddress: localhost:60349}, javascriptEnabled: true, networkConnectionEnabled: false, pageLoadStrategy: normal, platform: WINDOWS, platformName: WINDOWS, proxy: Proxy(), setWindowRect: true, strictFileInteractability: false, timeouts: {implicit: 0, pageLoad: 300000, script: 30000}, unhandledPromptBehavior: dismiss and notify, webauthn:extension:credBlob: true, webauthn:extension:largeBlob: true, webauthn:virtualAuthenticators: true}
Session ID: 4180def0e7ac227fa2fdea210156a1d4
*** Element info: {Using=xpath, value=//*[@id=\"tl_remove_activity--53429_table\"]}
at java.base/jdk.internal.reflect.DirectConstructorHandleAccessor.newInstance(DirectConstructorHandleAccessor.java:67)
at java.base/java.lang.reflect.Constructor.newInstanceWithCaller(Constructor.java:499)
at java.base/java.lang.reflect.Constructor.newInstance(Constructor.java:483)
at org.openqa.selenium.remote.http.W3CHttpResponseCodec.createException(W3CHttpResponseCodec.java:187)
at org.openqa.selenium.remote.http.W3CHttpResponseCodec.decode(W3CHttpResponseCodec.java:122)
at org.openqa.selenium.remote.http.W3CHttpResponseCodec.decode(W3CHttpResponseCodec.java:49)
at org.openqa.selenium.remote.HttpCommandExecutor.execute(HttpCommandExecutor.java:158)
at org.openqa.selenium.remote.service.DriverCommandExecutor.execute(DriverCommandExecutor.java:83)
at org.openqa.selenium.remote.RemoteWebDriver.execute(RemoteWebDriver.java:552)
at org.openqa.selenium.remote.RemoteWebDriver.findElements(RemoteWebDriver.java:353)
at org.openqa.selenium.remote.RemoteWebDriver.findElementsByXPath(RemoteWebDriver.java:432)
at org.openqa.selenium.By$ByXPath.findElements(By.java:348)
at org.openqa.selenium.remote.RemoteWebDriver.findElements(RemoteWebDriver.java:311)
at com.psikotestonline.webadmin.testing.steps.TestSearchRemoveActivity.data_not_displayed_344(TestSearchRemoveActivity.java:114)
at ✽.data not displayed 344(file:///C:/Users/Nandi/git/psikotestonline.webadmin.testing/src/test/resources/features/2.SearchRemoveActivity.feature:18)
]]>
    </error>
  </testcase> <!-- runScenario -->
>>>>>>> branch 'nandi' of https://github.com/baihaqybeki/psikotestonline.webadmin.testing.git
  <system-out/>
<<<<<<< HEAD
  <testcase classname="com.psikotestonline.webadmin.testing.steps.TestRunner" name="runScenario" time="5.155"/>
=======
  <testcase classname="com.psikotestonline.webadmin.testing.steps.TestRunner" name="runScenario" time="19.321">
    <failure message="expected [no entries] but found [ Showing 1 to 5 of 5 entries]" type="java.lang.AssertionError">
      <![CDATA[java.lang.AssertionError: expected [no entries] but found [ Showing 1 to 5 of 5 entries]
at org.testng.Assert.fail(Assert.java:110)
at org.testng.Assert.failNotEquals(Assert.java:1413)
at org.testng.Assert.assertEqualsImpl(Assert.java:149)
at org.testng.Assert.assertEquals(Assert.java:131)
at org.testng.Assert.assertEquals(Assert.java:655)
at org.testng.Assert.assertEquals(Assert.java:665)
at com.psikotestonline.webadmin.testing.steps.TestSearchRemoveActivity.data_not_displayed_353(TestSearchRemoveActivity.java:562)
at ✽.data not displayed 353(file:///C:/Users/Nandi/git/psikotestonline.webadmin.testing/src/test/resources/features/2.SearchRemoveActivity.feature:90)
]]>
    </failure>
  </testcase> <!-- runScenario -->
  <system-out/>
  <testcase classname="com.psikotestonline.webadmin.testing.steps.TestRunner" name="runScenario" time="16.298">
    <error message="The step &#039;click button search&#039; is undefined.
You can implement this step using the snippet(s) below:

@When(&quot;click button search&quot;)
public void click_button_search() {
    // Write code here that turns the phrase above into concrete actions
    throw new io.cucumber.java.PendingException();
}
" type="io.cucumber.testng.UndefinedStepException">
      <![CDATA[io.cucumber.testng.UndefinedStepException: The step 'click button search' is undefined.
You can implement this step using the snippet(s) below:

@When("click button search")
public void click_button_search() {
    // Write code here that turns the phrase above into concrete actions
    throw new io.cucumber.java.PendingException();
}

at io.cucumber.core.runtime.TestCaseResultObserver.assertTestCasePassed(TestCaseResultObserver.java:69)
at io.cucumber.testng.TestCaseResultObserver.assertTestCasePassed(TestCaseResultObserver.java:23)
at io.cucumber.testng.TestNGCucumberRunner.lambda$runScenario$1(TestNGCucumberRunner.java:133)
at io.cucumber.core.runtime.CucumberExecutionContext.lambda$runTestCase$5(CucumberExecutionContext.java:129)
at io.cucumber.core.runtime.RethrowingThrowableCollector.executeAndThrow(RethrowingThrowableCollector.java:23)
at io.cucumber.core.runtime.CucumberExecutionContext.runTestCase(CucumberExecutionContext.java:129)
at io.cucumber.testng.TestNGCucumberRunner.runScenario(TestNGCucumberRunner.java:129)
at io.cucumber.testng.AbstractTestNGCucumberTests.runScenario(AbstractTestNGCucumberTests.java:35)
at java.base/jdk.internal.reflect.DirectMethodHandleAccessor.invoke(DirectMethodHandleAccessor.java:104)
at java.base/java.lang.reflect.Method.invoke(Method.java:577)
at org.testng.internal.invokers.MethodInvocationHelper.invokeMethod(MethodInvocationHelper.java:139)
at org.testng.internal.invokers.TestInvoker.invokeMethod(TestInvoker.java:677)
at org.testng.internal.invokers.TestInvoker.invokeTestMethod(TestInvoker.java:221)
at org.testng.internal.invokers.MethodRunner.runInSequence(MethodRunner.java:50)
at org.testng.internal.invokers.TestInvoker$MethodInvocationAgent.invoke(TestInvoker.java:962)
at org.testng.internal.invokers.TestInvoker.invokeTestMethods(TestInvoker.java:194)
at org.testng.internal.invokers.TestMethodWorker.invokeTestMethods(TestMethodWorker.java:148)
at org.testng.internal.invokers.TestMethodWorker.run(TestMethodWorker.java:128)
at java.base/java.util.ArrayList.forEach(ArrayList.java:1511)
at org.testng.TestRunner.privateRun(TestRunner.java:806)
at org.testng.TestRunner.run(TestRunner.java:601)
at org.testng.SuiteRunner.runTest(SuiteRunner.java:433)
at org.testng.SuiteRunner.runSequentially(SuiteRunner.java:427)
at org.testng.SuiteRunner.privateRun(SuiteRunner.java:387)
at org.testng.SuiteRunner.run(SuiteRunner.java:330)
at org.testng.SuiteRunnerWorker.runSuite(SuiteRunnerWorker.java:52)
at org.testng.SuiteRunnerWorker.run(SuiteRunnerWorker.java:95)
at org.testng.TestNG.runSuitesSequentially(TestNG.java:1256)
at org.testng.TestNG.runSuitesLocally(TestNG.java:1176)
at org.testng.TestNG.runSuites(TestNG.java:1099)
at org.testng.TestNG.run(TestNG.java:1067)
at org.testng.remote.AbstractRemoteTestNG.run(AbstractRemoteTestNG.java:115)
at org.testng.remote.RemoteTestNG.initAndRun(RemoteTestNG.java:251)
at org.testng.remote.RemoteTestNG.main(RemoteTestNG.java:77)
]]>
    </error>
  </testcase> <!-- runScenario -->
  <system-out/>
  <testcase classname="com.psikotestonline.webadmin.testing.steps.TestRunner" name="runScenario" time="19.596"/>
  <system-out/>
  <testcase classname="com.psikotestonline.webadmin.testing.steps.TestRunner" name="runScenario" time="17.875"/>
  <system-out/>
  <testcase classname="com.psikotestonline.webadmin.testing.steps.TestRunner" name="runScenario" time="19.358">
    <failure message="expected [no entries] but found [ Showing 1 to 5 of 5 entries]" type="java.lang.AssertionError">
      <![CDATA[java.lang.AssertionError: expected [no entries] but found [ Showing 1 to 5 of 5 entries]
at org.testng.Assert.fail(Assert.java:110)
at org.testng.Assert.failNotEquals(Assert.java:1413)
at org.testng.Assert.assertEqualsImpl(Assert.java:149)
at org.testng.Assert.assertEquals(Assert.java:131)
at org.testng.Assert.assertEquals(Assert.java:655)
at org.testng.Assert.assertEquals(Assert.java:665)
at com.psikotestonline.webadmin.testing.steps.TestSearchRemoveActivity.data_not_displayed_351(TestSearchRemoveActivity.java:468)
at ✽.data not displayed 351(file:///C:/Users/Nandi/git/psikotestonline.webadmin.testing/src/test/resources/features/2.SearchRemoveActivity.feature:74)
]]>
    </failure>
  </testcase> <!-- runScenario -->
  <system-out/>
  <testcase classname="com.psikotestonline.webadmin.testing.steps.TestRunner" name="runScenario" time="19.343"/>
  <system-out/>
  <testcase classname="com.psikotestonline.webadmin.testing.steps.TestRunner" name="runScenario" time="21.383"/>
  <system-out/>
  <testcase classname="com.psikotestonline.webadmin.testing.steps.TestRunner" name="runScenario" time="18.848">
    <failure message="expected [no entries] but found [ Showing 1 to 1 of 1 entries]" type="java.lang.AssertionError">
      <![CDATA[java.lang.AssertionError: expected [no entries] but found [ Showing 1 to 1 of 1 entries]
at org.testng.Assert.fail(Assert.java:110)
at org.testng.Assert.failNotEquals(Assert.java:1413)
at org.testng.Assert.assertEqualsImpl(Assert.java:149)
at org.testng.Assert.assertEquals(Assert.java:131)
at org.testng.Assert.assertEquals(Assert.java:655)
at org.testng.Assert.assertEquals(Assert.java:665)
at com.psikotestonline.webadmin.testing.steps.TestSearchRemoveActivity.data_not_displayed_347(TestSearchRemoveActivity.java:282)
at ✽.data not displayed 347(file:///C:/Users/Nandi/git/psikotestonline.webadmin.testing/src/test/resources/features/2.SearchRemoveActivity.feature:42)
]]>
    </failure>
  </testcase> <!-- runScenario -->
  <system-out/>
  <testcase classname="com.psikotestonline.webadmin.testing.steps.TestRunner" name="runScenario" time="18.572"/>
  <system-out/>
  <testcase classname="com.psikotestonline.webadmin.testing.steps.TestRunner" name="runScenario" time="19.383"/>
  <system-out/>
  <testcase classname="com.psikotestonline.webadmin.testing.steps.TestRunner" name="runScenario" time="18.810"/>
  <system-out/>
  <testcase classname="com.psikotestonline.webadmin.testing.steps.TestRunner" name="runScenario" time="18.836"/>
  <system-out/>
  <testcase classname="com.psikotestonline.webadmin.testing.steps.TestRunner" name="runScenario" time="19.787"/>
>>>>>>> branch 'nandi' of https://github.com/baihaqybeki/psikotestonline.webadmin.testing.git
  <system-out/>
  <testcase classname="com.psikotestonline.webadmin.testing.steps.TestRunner" name="runScenario" time="6.079">
    <failure message="expected [true] but found [false]" type="java.lang.AssertionError">
      <![CDATA[java.lang.AssertionError: expected [true] but found [false]
at org.testng.Assert.fail(Assert.java:110)
at org.testng.Assert.failNotEquals(Assert.java:1413)
at org.testng.Assert.assertTrue(Assert.java:56)
at org.testng.Assert.assertTrue(Assert.java:66)
at com.psikotestonline.webadmin.testing.steps.TestLogin.validateGreeting(TestLogin.java:50)
at ✽.appear popup greeting "Username atau password"(file:///Users/muhammadbaihaqy/eclipse-workspace/com.psikotestonline.webadmin.testing/src/test/resources/features/01.Login.feature:13)
]]>
    </failure>
  </testcase> <!-- runScenario -->
  <system-out/>
  <testcase classname="com.psikotestonline.webadmin.testing.steps.TestRunner" name="runScenario" time="14.141"/>
  <system-out/>
  <testcase classname="com.psikotestonline.webadmin.testing.steps.TestRunner" name="runScenario" time="5.249"/>
  <system-out/>
=======
>>>>>>> refs/remotes/origin/nandi
</testsuite> <!-- com.psikotestonline.webadmin.testing.steps.TestRunner -->
